[2016-11-16 14:09:26.330] [jointLog] [info] parsing read library format
[2016-11-16 14:09:26.381] [jointLog] [info] Loading Quasi index
[2016-11-16 14:09:28.180] [jointLog] [info] done
[2016-11-16 14:15:09.958] [fileLog] [info] 
At end of round 0
==================
Observed 30383814 total fragments (30383814 in most recent round)

[2016-11-16 14:15:09.957] [jointLog] [info] Computed 106474 rich equivalence classes for further processing
[2016-11-16 14:15:09.957] [jointLog] [info] Counted 27903213 total reads in the equivalence classes 
[2016-11-16 14:15:10.001] [jointLog] [info] Mapping rate = 91.8358%

[2016-11-16 14:15:10.001] [jointLog] [info] finished quantifyLibrary()
[2016-11-16 14:15:10.001] [jointLog] [info] Starting optimizer
[2016-11-16 14:15:11.104] [jointLog] [info] Marked 0 weighted equivalence classes as degenerate
[2016-11-16 14:15:11.115] [jointLog] [info] iteration = 0 | max rel diff. = 8.17818
[2016-11-16 14:15:16.284] [jointLog] [info] iteration = 100 | max rel diff. = 0.158063
[2016-11-16 14:15:17.509] [jointLog] [info] iteration = 200 | max rel diff. = 0.0785838
[2016-11-16 14:15:17.998] [jointLog] [info] iteration = 300 | max rel diff. = 0.0982638
[2016-11-16 14:15:18.545] [jointLog] [info] iteration = 400 | max rel diff. = 0.0537331
[2016-11-16 14:15:19.021] [jointLog] [info] iteration = 500 | max rel diff. = 0.0575507
[2016-11-16 14:15:19.596] [jointLog] [info] iteration = 600 | max rel diff. = 0.0281811
[2016-11-16 14:15:21.982] [jointLog] [info] iteration = 700 | max rel diff. = 0.0257339
[2016-11-16 14:15:23.997] [jointLog] [info] iteration = 800 | max rel diff. = 0.015174
[2016-11-16 14:15:25.359] [jointLog] [info] iteration = 900 | max rel diff. = 0.0244797
[2016-11-16 14:15:28.275] [jointLog] [info] iteration = 1000 | max rel diff. = 0.0157354
[2016-11-16 14:15:30.129] [jointLog] [info] iteration = 1100 | max rel diff. = 0.0167022
[2016-11-16 14:15:30.754] [jointLog] [info] iteration = 1200 | max rel diff. = 0.0168955
[2016-11-16 14:15:31.387] [jointLog] [info] iteration = 1300 | max rel diff. = 0.016932
[2016-11-16 14:15:31.708] [jointLog] [info] iteration = 1348 | max rel diff. = 0.00850743
[2016-11-16 14:15:31.712] [jointLog] [info] Finished optimizer
[2016-11-16 14:15:31.712] [jointLog] [info] writing output 

[2016-11-16 14:15:31.792] [jointLog] [warning] NOTE: Read Lib [( /mnt/home/ljcohen/flies_space/sra//SRR3390485_1.fastq, /mnt/home/ljcohen/flies_space/sra//SRR3390485_2.fastq )] :

Greater than 5% of the alignments (but not, necessarily reads) disagreed with the provided library type; check the file: /mnt/home/ljcohen/flies_space/salmon//SRR3390485.quant/libFormatCounts.txt for details

