[2016-11-16 13:50:21.421] [jointLog] [info] parsing read library format
[2016-11-16 13:50:21.489] [jointLog] [info] Loading Quasi index
[2016-11-16 13:50:23.094] [jointLog] [info] done
[2016-11-16 13:55:14.549] [jointLog] [info] Computed 109686 rich equivalence classes for further processing
[2016-11-16 13:55:14.549] [jointLog] [info] Counted 30296216 total reads in the equivalence classes 
[2016-11-16 13:55:14.558] [jointLog] [info] Mapping rate = 90.2009%

[2016-11-16 13:55:14.558] [jointLog] [info] finished quantifyLibrary()
[2016-11-16 13:55:14.558] [jointLog] [info] Starting optimizer
[2016-11-16 13:55:14.549] [fileLog] [info] 
At end of round 0
==================
Observed 33587499 total fragments (33587499 in most recent round)

[2016-11-16 13:55:15.676] [jointLog] [info] Marked 0 weighted equivalence classes as degenerate
[2016-11-16 13:55:15.684] [jointLog] [info] iteration = 0 | max rel diff. = 8.94476
[2016-11-16 13:55:16.438] [jointLog] [info] iteration = 100 | max rel diff. = 0.106255
[2016-11-16 13:55:16.948] [jointLog] [info] iteration = 200 | max rel diff. = 0.0756554
[2016-11-16 13:55:17.433] [jointLog] [info] iteration = 300 | max rel diff. = 0.0346569
[2016-11-16 13:55:17.902] [jointLog] [info] iteration = 400 | max rel diff. = 0.0334498
[2016-11-16 13:55:18.413] [jointLog] [info] iteration = 500 | max rel diff. = 0.0243864
[2016-11-16 13:55:18.877] [jointLog] [info] iteration = 600 | max rel diff. = 0.0190899
[2016-11-16 13:55:19.504] [jointLog] [info] iteration = 700 | max rel diff. = 0.0185456
[2016-11-16 13:55:19.917] [jointLog] [info] iteration = 800 | max rel diff. = 0.015683
[2016-11-16 13:55:20.416] [jointLog] [info] iteration = 900 | max rel diff. = 0.0128584
[2016-11-16 13:55:20.938] [jointLog] [info] iteration = 1000 | max rel diff. = 0.0106112
[2016-11-16 13:55:22.740] [jointLog] [info] iteration = 1100 | max rel diff. = 0.0334291
[2016-11-16 13:55:23.800] [jointLog] [info] iteration = 1200 | max rel diff. = 0.01713
[2016-11-16 13:55:25.031] [jointLog] [info] iteration = 1300 | max rel diff. = 0.0189449
[2016-11-16 13:55:25.526] [jointLog] [info] iteration = 1400 | max rel diff. = 0.020732
[2016-11-16 13:55:25.934] [jointLog] [info] iteration = 1500 | max rel diff. = 0.0209719
[2016-11-16 13:55:25.938] [jointLog] [info] iteration = 1502 | max rel diff. = 0.00728574
[2016-11-16 13:55:25.941] [jointLog] [info] Finished optimizer
[2016-11-16 13:55:25.941] [jointLog] [info] writing output 

[2016-11-16 13:55:26.041] [jointLog] [warning] NOTE: Read Lib [( /mnt/home/ljcohen/flies_space/sra//SRR3390481_1.fastq, /mnt/home/ljcohen/flies_space/sra//SRR3390481_2.fastq )] :

Greater than 5% of the alignments (but not, necessarily reads) disagreed with the provided library type; check the file: /mnt/home/ljcohen/flies_space/salmon//SRR3390481.quant/libFormatCounts.txt for details

