[2016-11-16 13:59:57.903] [jointLog] [info] parsing read library format
[2016-11-16 13:59:57.957] [jointLog] [info] Loading Quasi index
[2016-11-16 13:59:59.697] [jointLog] [info] done
[2016-11-16 14:04:25.863] [fileLog] [info] 
At end of round 0
==================
Observed 30136115 total fragments (30136115 in most recent round)

[2016-11-16 14:04:25.863] [jointLog] [info] Computed 95708 rich equivalence classes for further processing
[2016-11-16 14:04:25.863] [jointLog] [info] Counted 27410136 total reads in the equivalence classes 
[2016-11-16 14:04:25.871] [jointLog] [info] Mapping rate = 90.9544%

[2016-11-16 14:04:25.871] [jointLog] [info] finished quantifyLibrary()
[2016-11-16 14:04:25.871] [jointLog] [info] Starting optimizer
[2016-11-16 14:04:25.893] [jointLog] [info] Marked 0 weighted equivalence classes as degenerate
[2016-11-16 14:04:25.898] [jointLog] [info] iteration = 0 | max rel diff. = 2.73458
[2016-11-16 14:04:26.313] [jointLog] [info] iteration = 100 | max rel diff. = 0.150865
[2016-11-16 14:04:26.645] [jointLog] [info] iteration = 200 | max rel diff. = 0.0927625
[2016-11-16 14:04:27.044] [jointLog] [info] iteration = 300 | max rel diff. = 0.0367687
[2016-11-16 14:04:27.459] [jointLog] [info] iteration = 400 | max rel diff. = 0.0636507
[2016-11-16 14:04:27.874] [jointLog] [info] iteration = 500 | max rel diff. = 0.0286924
[2016-11-16 14:04:28.233] [jointLog] [info] iteration = 600 | max rel diff. = 0.0478101
[2016-11-16 14:04:28.563] [jointLog] [info] iteration = 700 | max rel diff. = 0.019176
[2016-11-16 14:04:28.905] [jointLog] [info] iteration = 800 | max rel diff. = 0.0221679
[2016-11-16 14:04:29.236] [jointLog] [info] iteration = 900 | max rel diff. = 0.0127735
[2016-11-16 14:04:29.645] [jointLog] [info] iteration = 1000 | max rel diff. = 0.0127735
[2016-11-16 14:04:30.051] [jointLog] [info] iteration = 1091 | max rel diff. = 0.00989345
[2016-11-16 14:04:30.054] [jointLog] [info] Finished optimizer
[2016-11-16 14:04:30.054] [jointLog] [info] writing output 

[2016-11-16 14:04:30.139] [jointLog] [warning] NOTE: Read Lib [( /mnt/home/ljcohen/flies_space/sra//SRR3390483_1.fastq, /mnt/home/ljcohen/flies_space/sra//SRR3390483_2.fastq )] :

Greater than 5% of the alignments (but not, necessarily reads) disagreed with the provided library type; check the file: /mnt/home/ljcohen/flies_space/salmon//SRR3390483.quant/libFormatCounts.txt for details

