[2016-11-16 14:04:30.583] [jointLog] [info] parsing read library format
[2016-11-16 14:04:30.635] [jointLog] [info] Loading Quasi index
[2016-11-16 14:04:32.251] [jointLog] [info] done
[2016-11-16 14:09:11.714] [fileLog] [info] 
At end of round 0
==================
Observed 27199285 total fragments (27199285 in most recent round)

[2016-11-16 14:09:11.714] [jointLog] [info] Computed 93343 rich equivalence classes for further processing
[2016-11-16 14:09:11.714] [jointLog] [info] Counted 24695060 total reads in the equivalence classes 
[2016-11-16 14:09:11.724] [jointLog] [info] Mapping rate = 90.793%

[2016-11-16 14:09:11.724] [jointLog] [info] finished quantifyLibrary()
[2016-11-16 14:09:11.724] [jointLog] [info] Starting optimizer
[2016-11-16 14:09:12.958] [jointLog] [info] Marked 0 weighted equivalence classes as degenerate
[2016-11-16 14:09:12.969] [jointLog] [info] iteration = 0 | max rel diff. = 11.8993
[2016-11-16 14:09:13.841] [jointLog] [info] iteration = 100 | max rel diff. = 0.119164
[2016-11-16 14:09:14.757] [jointLog] [info] iteration = 200 | max rel diff. = 0.0739201
[2016-11-16 14:09:16.865] [jointLog] [info] iteration = 300 | max rel diff. = 0.0737652
[2016-11-16 14:09:18.155] [jointLog] [info] iteration = 400 | max rel diff. = 0.0294491
[2016-11-16 14:09:18.604] [jointLog] [info] iteration = 500 | max rel diff. = 0.0214677
[2016-11-16 14:09:19.302] [jointLog] [info] iteration = 600 | max rel diff. = 0.0290457
[2016-11-16 14:09:20.564] [jointLog] [info] iteration = 700 | max rel diff. = 0.0283035
[2016-11-16 14:09:21.779] [jointLog] [info] iteration = 800 | max rel diff. = 0.0170508
[2016-11-16 14:09:22.189] [jointLog] [info] iteration = 900 | max rel diff. = 0.0123568
[2016-11-16 14:09:22.538] [jointLog] [info] iteration = 1000 | max rel diff. = 0.0142073
[2016-11-16 14:09:22.929] [jointLog] [info] iteration = 1100 | max rel diff. = 0.0137959
[2016-11-16 14:09:23.358] [jointLog] [info] iteration = 1200 | max rel diff. = 0.0122874
[2016-11-16 14:09:23.710] [jointLog] [info] iteration = 1300 | max rel diff. = 0.0302038
[2016-11-16 14:09:24.059] [jointLog] [info] iteration = 1400 | max rel diff. = 0.0187748
[2016-11-16 14:09:24.533] [jointLog] [info] iteration = 1500 | max rel diff. = 0.0157559
[2016-11-16 14:09:25.216] [jointLog] [info] iteration = 1600 | max rel diff. = 0.0182431
[2016-11-16 14:09:25.808] [jointLog] [info] iteration = 1700 | max rel diff. = 0.0186774
[2016-11-16 14:09:25.829] [jointLog] [info] iteration = 1706 | max rel diff. = 0.00725398
[2016-11-16 14:09:25.833] [jointLog] [info] Finished optimizer
[2016-11-16 14:09:25.833] [jointLog] [info] writing output 

[2016-11-16 14:09:25.935] [jointLog] [warning] NOTE: Read Lib [( /mnt/home/ljcohen/flies_space/sra//SRR3390484_1.fastq, /mnt/home/ljcohen/flies_space/sra//SRR3390484_2.fastq )] :

Greater than 5% of the alignments (but not, necessarily reads) disagreed with the provided library type; check the file: /mnt/home/ljcohen/flies_space/salmon//SRR3390484.quant/libFormatCounts.txt for details

